mode: atomic
github.com/rudderlabs/rudder-server/gateway/configuration.go:9.19,33.2 11 1
github.com/rudderlabs/rudder-server/gateway/configuration.go:36.34,38.2 1 7
github.com/rudderlabs/rudder-server/gateway/configuration.go:41.31,43.2 1 0
github.com/rudderlabs/rudder-server/gateway/configuration.go:46.38,50.2 3 61
github.com/rudderlabs/rudder-server/gateway/configuration.go:53.34,57.2 3 59
github.com/rudderlabs/rudder-server/gateway/gateway.go:84.13,87.2 2 1
github.com/rudderlabs/rudder-server/gateway/gateway.go:110.90,111.45 1 350
github.com/rudderlabs/rudder-server/gateway/gateway.go:111.45,114.3 2 167
github.com/rudderlabs/rudder-server/gateway/gateway.go:123.41,125.42 2 59
github.com/rudderlabs/rudder-server/gateway/gateway.go:125.42,133.22 5 3776
github.com/rudderlabs/rudder-server/gateway/gateway.go:137.3,137.22 1 3776
github.com/rudderlabs/rudder-server/gateway/gateway.go:133.22,135.4 1 3776
github.com/rudderlabs/rudder-server/gateway/gateway.go:137.22,139.4 1 3776
github.com/rudderlabs/rudder-server/gateway/gateway.go:144.68,149.27 3 63
github.com/rudderlabs/rudder-server/gateway/gateway.go:153.2,153.23 1 63
github.com/rudderlabs/rudder-server/gateway/gateway.go:149.27,150.37 1 0
github.com/rudderlabs/rudder-server/gateway/gateway.go:158.80,161.6 3 3776
github.com/rudderlabs/rudder-server/gateway/gateway.go:161.6,162.10 1 532066
github.com/rudderlabs/rudder-server/gateway/gateway.go:163.44,167.38 2 63
github.com/rudderlabs/rudder-server/gateway/gateway.go:173.18,175.26 2 528227
github.com/rudderlabs/rudder-server/gateway/gateway.go:167.38,172.5 4 0
github.com/rudderlabs/rudder-server/gateway/gateway.go:175.26,180.5 4 58
github.com/rudderlabs/rudder-server/gateway/gateway.go:185.86,186.49 1 3776
github.com/rudderlabs/rudder-server/gateway/gateway.go:186.49,206.41 18 58
github.com/rudderlabs/rudder-server/gateway/gateway.go:321.3,323.40 3 58
github.com/rudderlabs/rudder-server/gateway/gateway.go:330.3,332.61 2 58
github.com/rudderlabs/rudder-server/gateway/gateway.go:336.3,336.31 1 58
github.com/rudderlabs/rudder-server/gateway/gateway.go:348.3,348.46 1 58
github.com/rudderlabs/rudder-server/gateway/gateway.go:352.3,358.22 6 58
github.com/rudderlabs/rudder-server/gateway/gateway.go:362.3,365.18 4 58
github.com/rudderlabs/rudder-server/gateway/gateway.go:206.41,209.29 3 63
github.com/rudderlabs/rudder-server/gateway/gateway.go:216.4,217.31 2 49
github.com/rudderlabs/rudder-server/gateway/gateway.go:222.4,225.23 3 42
github.com/rudderlabs/rudder-server/gateway/gateway.go:236.4,236.18 1 41
github.com/rudderlabs/rudder-server/gateway/gateway.go:242.4,242.31 1 41
github.com/rudderlabs/rudder-server/gateway/gateway.go:248.4,250.30 3 34
github.com/rudderlabs/rudder-server/gateway/gateway.go:257.4,257.44 1 27
github.com/rudderlabs/rudder-server/gateway/gateway.go:265.4,265.30 1 13
github.com/rudderlabs/rudder-server/gateway/gateway.go:271.4,275.48 5 13
github.com/rudderlabs/rudder-server/gateway/gateway.go:289.4,289.19 1 13
github.com/rudderlabs/rudder-server/gateway/gateway.go:300.4,319.52 11 13
github.com/rudderlabs/rudder-server/gateway/gateway.go:209.29,213.13 4 14
github.com/rudderlabs/rudder-server/gateway/gateway.go:217.31,220.13 3 7
github.com/rudderlabs/rudder-server/gateway/gateway.go:225.23,228.56 2 2
github.com/rudderlabs/rudder-server/gateway/gateway.go:228.56,232.14 4 1
github.com/rudderlabs/rudder-server/gateway/gateway.go:236.18,240.13 4 0
github.com/rudderlabs/rudder-server/gateway/gateway.go:242.31,246.13 4 7
github.com/rudderlabs/rudder-server/gateway/gateway.go:250.30,255.13 5 7
github.com/rudderlabs/rudder-server/gateway/gateway.go:257.44,262.13 5 14
github.com/rudderlabs/rudder-server/gateway/gateway.go:265.30,268.5 2 13
github.com/rudderlabs/rudder-server/gateway/gateway.go:275.48,276.107 1 13
github.com/rudderlabs/rudder-server/gateway/gateway.go:279.5,279.105 1 13
github.com/rudderlabs/rudder-server/gateway/gateway.go:282.5,282.20 1 13
github.com/rudderlabs/rudder-server/gateway/gateway.go:285.5,286.16 2 13
github.com/rudderlabs/rudder-server/gateway/gateway.go:276.107,278.6 1 13
github.com/rudderlabs/rudder-server/gateway/gateway.go:279.105,281.6 1 13
github.com/rudderlabs/rudder-server/gateway/gateway.go:282.20,284.6 1 0
github.com/rudderlabs/rudder-server/gateway/gateway.go:289.19,292.56 3 0
github.com/rudderlabs/rudder-server/gateway/gateway.go:292.56,296.14 4 0
github.com/rudderlabs/rudder-server/gateway/gateway.go:324.13,325.65 1 58
github.com/rudderlabs/rudder-server/gateway/gateway.go:326.14,327.33 1 0
github.com/rudderlabs/rudder-server/gateway/gateway.go:332.61,334.60 1 0
github.com/rudderlabs/rudder-server/gateway/gateway.go:336.31,338.13 2 13
github.com/rudderlabs/rudder-server/gateway/gateway.go:345.4,345.37 1 13
github.com/rudderlabs/rudder-server/gateway/gateway.go:338.13,341.5 2 0
github.com/rudderlabs/rudder-server/gateway/gateway.go:341.10,344.5 2 13
github.com/rudderlabs/rudder-server/gateway/gateway.go:348.46,350.4 1 13
github.com/rudderlabs/rudder-server/gateway/gateway.go:358.22,360.4 1 2
github.com/rudderlabs/rudder-server/gateway/gateway.go:365.18,367.4 1 0
github.com/rudderlabs/rudder-server/gateway/gateway.go:371.59,372.35 1 0
github.com/rudderlabs/rudder-server/gateway/gateway.go:372.35,374.3 1 0
github.com/rudderlabs/rudder-server/gateway/gateway.go:377.154,384.39 3 0
github.com/rudderlabs/rudder-server/gateway/gateway.go:389.2,389.41 1 0
github.com/rudderlabs/rudder-server/gateway/gateway.go:398.2,398.41 1 0
github.com/rudderlabs/rudder-server/gateway/gateway.go:405.2,405.59 1 0
github.com/rudderlabs/rudder-server/gateway/gateway.go:414.2,414.16 1 0
github.com/rudderlabs/rudder-server/gateway/gateway.go:418.2,419.43 2 0
github.com/rudderlabs/rudder-server/gateway/gateway.go:423.2,425.45 3 0
github.com/rudderlabs/rudder-server/gateway/gateway.go:384.39,386.3 1 0
github.com/rudderlabs/rudder-server/gateway/gateway.go:389.41,390.43 1 0
github.com/rudderlabs/rudder-server/gateway/gateway.go:390.43,392.4 1 0
github.com/rudderlabs/rudder-server/gateway/gateway.go:392.9,394.4 1 0
github.com/rudderlabs/rudder-server/gateway/gateway.go:398.41,399.47 1 0
github.com/rudderlabs/rudder-server/gateway/gateway.go:399.47,401.4 1 0
github.com/rudderlabs/rudder-server/gateway/gateway.go:405.59,406.42 1 0
github.com/rudderlabs/rudder-server/gateway/gateway.go:412.3,412.13 1 0
github.com/rudderlabs/rudder-server/gateway/gateway.go:406.42,408.36 2 0
github.com/rudderlabs/rudder-server/gateway/gateway.go:408.36,410.5 1 0
github.com/rudderlabs/rudder-server/gateway/gateway.go:414.16,415.13 1 0
github.com/rudderlabs/rudder-server/gateway/gateway.go:419.43,421.3 1 0
github.com/rudderlabs/rudder-server/gateway/gateway.go:425.45,429.17 4 0
github.com/rudderlabs/rudder-server/gateway/gateway.go:432.3,432.10 1 0
github.com/rudderlabs/rudder-server/gateway/gateway.go:429.17,430.14 1 0
github.com/rudderlabs/rudder-server/gateway/gateway.go:436.64,438.21 2 58
github.com/rudderlabs/rudder-server/gateway/gateway.go:442.2,442.17 1 58
github.com/rudderlabs/rudder-server/gateway/gateway.go:438.21,440.3 1 0
github.com/rudderlabs/rudder-server/gateway/gateway.go:442.17,443.62 1 0
github.com/rudderlabs/rudder-server/gateway/gateway.go:454.3,454.17 1 0
github.com/rudderlabs/rudder-server/gateway/gateway.go:443.62,444.41 1 0
github.com/rudderlabs/rudder-server/gateway/gateway.go:452.4,452.14 1 0
github.com/rudderlabs/rudder-server/gateway/gateway.go:444.41,446.59 2 0
github.com/rudderlabs/rudder-server/gateway/gateway.go:446.59,450.6 3 0
github.com/rudderlabs/rudder-server/gateway/gateway.go:454.17,455.14 1 0
github.com/rudderlabs/rudder-server/gateway/gateway.go:460.65,463.57 3 27
github.com/rudderlabs/rudder-server/gateway/gateway.go:466.2,466.13 1 13
github.com/rudderlabs/rudder-server/gateway/gateway.go:463.57,465.3 1 14
github.com/rudderlabs/rudder-server/gateway/gateway.go:470.44,471.39 1 59
github.com/rudderlabs/rudder-server/gateway/gateway.go:471.39,474.25 2 63
github.com/rudderlabs/rudder-server/gateway/gateway.go:478.3,479.36 2 63
github.com/rudderlabs/rudder-server/gateway/gateway.go:474.25,477.4 1 7
github.com/rudderlabs/rudder-server/gateway/gateway.go:483.38,484.6 1 59
github.com/rudderlabs/rudder-server/gateway/gateway.go:484.6,487.3 2 59
github.com/rudderlabs/rudder-server/gateway/gateway.go:490.125,491.54 1 0
github.com/rudderlabs/rudder-server/gateway/gateway.go:491.54,495.3 3 0
github.com/rudderlabs/rudder-server/gateway/gateway.go:498.81,500.2 1 7
github.com/rudderlabs/rudder-server/gateway/gateway.go:502.84,504.2 1 9
github.com/rudderlabs/rudder-server/gateway/gateway.go:506.81,508.2 1 9
github.com/rudderlabs/rudder-server/gateway/gateway.go:510.80,512.2 1 9
github.com/rudderlabs/rudder-server/gateway/gateway.go:514.82,516.2 1 9
github.com/rudderlabs/rudder-server/gateway/gateway.go:518.81,520.2 1 11
github.com/rudderlabs/rudder-server/gateway/gateway.go:522.81,524.2 1 9
github.com/rudderlabs/rudder-server/gateway/gateway.go:526.82,528.2 1 0
github.com/rudderlabs/rudder-server/gateway/gateway.go:530.83,532.2 1 0
github.com/rudderlabs/rudder-server/gateway/gateway.go:534.92,545.24 9 63
github.com/rudderlabs/rudder-server/gateway/gateway.go:545.24,548.3 2 50
github.com/rudderlabs/rudder-server/gateway/gateway.go:548.8,551.3 2 13
github.com/rudderlabs/rudder-server/gateway/gateway.go:554.66,555.37 1 63
github.com/rudderlabs/rudder-server/gateway/gateway.go:555.37,558.25 3 63
github.com/rudderlabs/rudder-server/gateway/gateway.go:558.25,560.4 1 50
github.com/rudderlabs/rudder-server/gateway/gateway.go:560.9,562.4 1 13
github.com/rudderlabs/rudder-server/gateway/gateway.go:566.42,567.37 1 59
github.com/rudderlabs/rudder-server/gateway/gateway.go:567.37,568.7 1 59
github.com/rudderlabs/rudder-server/gateway/gateway.go:568.7,569.11 1 59
github.com/rudderlabs/rudder-server/gateway/gateway.go:570.41,572.71 2 0
github.com/rudderlabs/rudder-server/gateway/gateway.go:580.5,580.40 1 0
github.com/rudderlabs/rudder-server/gateway/gateway.go:572.71,579.6 3 0
github.com/rudderlabs/rudder-server/gateway/gateway.go:586.93,594.46 5 0
github.com/rudderlabs/rudder-server/gateway/gateway.go:599.2,599.22 1 0
github.com/rudderlabs/rudder-server/gateway/gateway.go:604.2,605.17 2 0
github.com/rudderlabs/rudder-server/gateway/gateway.go:622.2,623.12 2 0
github.com/rudderlabs/rudder-server/gateway/gateway.go:594.46,596.3 1 0
github.com/rudderlabs/rudder-server/gateway/gateway.go:599.22,601.3 1 0
github.com/rudderlabs/rudder-server/gateway/gateway.go:606.14,607.37 1 0
github.com/rudderlabs/rudder-server/gateway/gateway.go:613.15,614.36 1 0
github.com/rudderlabs/rudder-server/gateway/gateway.go:607.37,608.25 1 0
github.com/rudderlabs/rudder-server/gateway/gateway.go:611.4,611.55 1 0
github.com/rudderlabs/rudder-server/gateway/gateway.go:608.25,610.5 1 0
github.com/rudderlabs/rudder-server/gateway/gateway.go:614.36,615.23 1 0
github.com/rudderlabs/rudder-server/gateway/gateway.go:618.4,618.54 1 0
github.com/rudderlabs/rudder-server/gateway/gateway.go:615.23,617.5 1 0
github.com/rudderlabs/rudder-server/gateway/gateway.go:626.94,627.32 1 0
github.com/rudderlabs/rudder-server/gateway/gateway.go:627.32,629.81 2 0
github.com/rudderlabs/rudder-server/gateway/gateway.go:629.81,642.18 6 0
github.com/rudderlabs/rudder-server/gateway/gateway.go:648.4,648.39 1 0
github.com/rudderlabs/rudder-server/gateway/gateway.go:642.18,645.5 2 0
github.com/rudderlabs/rudder-server/gateway/gateway.go:649.9,651.4 1 0
github.com/rudderlabs/rudder-server/gateway/gateway.go:652.8,654.3 1 0
github.com/rudderlabs/rudder-server/gateway/gateway.go:657.79,661.37 4 0
github.com/rudderlabs/rudder-server/gateway/gateway.go:664.2,664.43 1 0
github.com/rudderlabs/rudder-server/gateway/gateway.go:667.2,667.59 1 0
github.com/rudderlabs/rudder-server/gateway/gateway.go:671.2,672.28 2 0
github.com/rudderlabs/rudder-server/gateway/gateway.go:661.37,663.3 1 0
github.com/rudderlabs/rudder-server/gateway/gateway.go:664.43,666.3 1 0
github.com/rudderlabs/rudder-server/gateway/gateway.go:667.59,669.3 1 0
github.com/rudderlabs/rudder-server/gateway/gateway.go:675.83,681.2 5 0
github.com/rudderlabs/rudder-server/gateway/gateway.go:683.40,685.2 1 0
github.com/rudderlabs/rudder-server/gateway/gateway.go:692.43,708.51 13 0
github.com/rudderlabs/rudder-server/gateway/gateway.go:712.2,717.43 2 0
github.com/rudderlabs/rudder-server/gateway/gateway.go:722.2,722.92 1 0
github.com/rudderlabs/rudder-server/gateway/gateway.go:708.51,710.3 1 0
github.com/rudderlabs/rudder-server/gateway/gateway.go:717.43,721.3 1 0
github.com/rudderlabs/rudder-server/gateway/gateway.go:726.51,729.6 3 59
github.com/rudderlabs/rudder-server/gateway/gateway.go:729.6,735.42 6 118
github.com/rudderlabs/rudder-server/gateway/gateway.go:744.3,744.32 1 59
github.com/rudderlabs/rudder-server/gateway/gateway.go:735.42,736.22 1 118
github.com/rudderlabs/rudder-server/gateway/gateway.go:736.22,738.103 2 59
github.com/rudderlabs/rudder-server/gateway/gateway.go:738.103,741.6 2 0
github.com/rudderlabs/rudder-server/gateway/gateway.go:748.38,751.21 3 0
github.com/rudderlabs/rudder-server/gateway/gateway.go:751.21,752.2 1 0
github.com/rudderlabs/rudder-server/gateway/gateway.go:753.3,754.17 2 0
github.com/rudderlabs/rudder-server/gateway/gateway.go:754.17,755.14 1 0
github.com/rudderlabs/rudder-server/gateway/gateway.go:760.51,764.16 4 0
github.com/rudderlabs/rudder-server/gateway/gateway.go:767.2,769.16 3 0
github.com/rudderlabs/rudder-server/gateway/gateway.go:772.2,772.14 1 0
github.com/rudderlabs/rudder-server/gateway/gateway.go:778.2,778.21 1 0
github.com/rudderlabs/rudder-server/gateway/gateway.go:764.16,765.13 1 0
github.com/rudderlabs/rudder-server/gateway/gateway.go:769.16,770.13 1 0
github.com/rudderlabs/rudder-server/gateway/gateway.go:772.14,774.17 2 0
github.com/rudderlabs/rudder-server/gateway/gateway.go:774.17,775.14 1 0
github.com/rudderlabs/rudder-server/gateway/gateway.go:778.21,780.3 1 0
github.com/rudderlabs/rudder-server/gateway/gateway.go:788.124,791.2 2 0
github.com/rudderlabs/rudder-server/gateway/gateway.go:794.58,796.2 1 0
github.com/rudderlabs/rudder-server/gateway/gateway.go:799.57,801.2 1 0
github.com/rudderlabs/rudder-server/gateway/gateway.go:804.90,806.2 1 0
github.com/rudderlabs/rudder-server/gateway/gateway.go:809.66,811.2 1 0
github.com/rudderlabs/rudder-server/gateway/gateway.go:814.89,819.2 4 0
github.com/rudderlabs/rudder-server/gateway/gateway.go:830.190,840.17 7 59
github.com/rudderlabs/rudder-server/gateway/gateway.go:843.2,847.21 5 59
github.com/rudderlabs/rudder-server/gateway/gateway.go:850.2,850.21 1 59
github.com/rudderlabs/rudder-server/gateway/gateway.go:854.2,856.51 2 59
github.com/rudderlabs/rudder-server/gateway/gateway.go:859.2,860.21 2 59
github.com/rudderlabs/rudder-server/gateway/gateway.go:863.2,863.21 1 59
github.com/rudderlabs/rudder-server/gateway/gateway.go:840.17,842.3 1 0
github.com/rudderlabs/rudder-server/gateway/gateway.go:847.21,849.3 1 59
github.com/rudderlabs/rudder-server/gateway/gateway.go:850.21,852.3 1 59
github.com/rudderlabs/rudder-server/gateway/gateway.go:856.51,858.3 1 0
github.com/rudderlabs/rudder-server/gateway/gateway.go:860.21,862.3 1 59
github.com/rudderlabs/rudder-server/gateway/gateway.go:863.21,865.3 1 59
github.com/rudderlabs/rudder-server/gateway/responseStatus.go:54.22,74.2 18 1
github.com/rudderlabs/rudder-server/gateway/responseStatus.go:76.35,77.38 1 76
github.com/rudderlabs/rudder-server/gateway/responseStatus.go:81.2,81.11 1 0
github.com/rudderlabs/rudder-server/gateway/responseStatus.go:77.38,79.3 1 76
github.com/rudderlabs/rudder-server/gateway/responseStatus.go:84.36,85.38 1 0
github.com/rudderlabs/rudder-server/gateway/responseStatus.go:89.2,89.12 1 0
github.com/rudderlabs/rudder-server/gateway/responseStatus.go:85.38,87.3 1 0
