mode: atomic
github.com/rudderlabs/rudder-server/services/streammanager/kafka/kafkamanager.go:44.13,47.2 2 1
github.com/rudderlabs/rudder-server/services/streammanager/kafka/kafkamanager.go:49.19,54.2 4 1
github.com/rudderlabs/rudder-server/services/streammanager/kafka/kafkamanager.go:56.24,57.49 1 1
github.com/rudderlabs/rudder-server/services/streammanager/kafka/kafkamanager.go:57.49,59.17 2 0
github.com/rudderlabs/rudder-server/services/streammanager/kafka/kafkamanager.go:62.3,62.21 1 0
github.com/rudderlabs/rudder-server/services/streammanager/kafka/kafkamanager.go:59.17,60.59 1 0
github.com/rudderlabs/rudder-server/services/streammanager/kafka/kafkamanager.go:67.78,83.18 11 0
github.com/rudderlabs/rudder-server/services/streammanager/kafka/kafkamanager.go:92.2,94.22 2 0
github.com/rudderlabs/rudder-server/services/streammanager/kafka/kafkamanager.go:83.18,86.23 3 0
github.com/rudderlabs/rudder-server/services/streammanager/kafka/kafkamanager.go:86.23,89.4 2 0
github.com/rudderlabs/rudder-server/services/streammanager/kafka/kafkamanager.go:98.94,127.2 18 0
github.com/rudderlabs/rudder-server/services/streammanager/kafka/kafkamanager.go:129.87,137.2 2 0
github.com/rudderlabs/rudder-server/services/streammanager/kafka/kafkamanager.go:140.50,143.38 2 0
github.com/rudderlabs/rudder-server/services/streammanager/kafka/kafkamanager.go:146.2,153.19 6 0
github.com/rudderlabs/rudder-server/services/streammanager/kafka/kafkamanager.go:143.38,145.3 1 0
github.com/rudderlabs/rudder-server/services/streammanager/kafka/kafkamanager.go:157.48,159.8 2 0
github.com/rudderlabs/rudder-server/services/streammanager/kafka/kafkamanager.go:166.2,166.51 1 0
github.com/rudderlabs/rudder-server/services/streammanager/kafka/kafkamanager.go:159.8,161.17 2 0
github.com/rudderlabs/rudder-server/services/streammanager/kafka/kafkamanager.go:164.3,164.13 1 0
github.com/rudderlabs/rudder-server/services/streammanager/kafka/kafkamanager.go:161.17,163.4 1 0
github.com/rudderlabs/rudder-server/services/streammanager/kafka/kafkamanager.go:171.108,174.9 2 0
github.com/rudderlabs/rudder-server/services/streammanager/kafka/kafkamanager.go:178.2,196.16 14 0
github.com/rudderlabs/rudder-server/services/streammanager/kafka/kafkamanager.go:209.2,209.48 1 0
github.com/rudderlabs/rudder-server/services/streammanager/kafka/kafkamanager.go:174.9,176.3 1 0
github.com/rudderlabs/rudder-server/services/streammanager/kafka/kafkamanager.go:196.16,201.3 4 0
github.com/rudderlabs/rudder-server/services/streammanager/kafka/kafkamanager.go:201.8,206.3 3 0
github.com/rudderlabs/rudder-server/services/streammanager/kafka/kafkamanager.go:213.44,218.36 3 0
github.com/rudderlabs/rudder-server/services/streammanager/kafka/kafkamanager.go:225.2,225.19 1 0
github.com/rudderlabs/rudder-server/services/streammanager/kafka/kafkamanager.go:218.36,219.39 1 0
github.com/rudderlabs/rudder-server/services/streammanager/kafka/kafkamanager.go:219.39,221.9 2 0
