mode: set
github.com/rudderlabs/rudder-server/services/multitenant/noop.go:13.111,14.2 0 0
github.com/rudderlabs/rudder-server/services/multitenant/noop.go:16.95,18.2 1 0
github.com/rudderlabs/rudder-server/services/multitenant/noop.go:20.106,21.2 0 0
github.com/rudderlabs/rudder-server/services/multitenant/noop.go:23.311,27.2 1 0
github.com/rudderlabs/rudder-server/services/multitenant/noop.go:29.110,31.2 1 0
github.com/rudderlabs/rudder-server/services/multitenant/noop.go:33.113,35.2 1 0
github.com/rudderlabs/rudder-server/services/multitenant/tenantstats.go:50.13,55.2 4 0
github.com/rudderlabs/rudder-server/services/multitenant/tenantstats.go:57.69,71.38 14 1
github.com/rudderlabs/rudder-server/services/multitenant/tenantstats.go:76.2,76.25 1 1
github.com/rudderlabs/rudder-server/services/multitenant/tenantstats.go:71.38,72.49 1 0
github.com/rudderlabs/rudder-server/services/multitenant/tenantstats.go:72.49,74.4 1 0
github.com/rudderlabs/rudder-server/services/multitenant/tenantstats.go:79.139,83.9 4 1
github.com/rudderlabs/rudder-server/services/multitenant/tenantstats.go:86.2,87.9 2 1
github.com/rudderlabs/rudder-server/services/multitenant/tenantstats.go:94.2,95.9 2 1
github.com/rudderlabs/rudder-server/services/multitenant/tenantstats.go:98.2,99.9 2 1
github.com/rudderlabs/rudder-server/services/multitenant/tenantstats.go:103.2,103.15 1 1
github.com/rudderlabs/rudder-server/services/multitenant/tenantstats.go:83.9,85.3 1 1
github.com/rudderlabs/rudder-server/services/multitenant/tenantstats.go:87.9,92.3 4 1
github.com/rudderlabs/rudder-server/services/multitenant/tenantstats.go:95.9,97.3 1 1
github.com/rudderlabs/rudder-server/services/multitenant/tenantstats.go:99.9,101.3 1 1
github.com/rudderlabs/rudder-server/services/multitenant/tenantstats.go:103.15,106.3 2 1
github.com/rudderlabs/rudder-server/services/multitenant/tenantstats.go:106.8,106.22 1 1
github.com/rudderlabs/rudder-server/services/multitenant/tenantstats.go:106.22,110.10 3 1
github.com/rudderlabs/rudder-server/services/multitenant/tenantstats.go:113.3,114.57 2 1
github.com/rudderlabs/rudder-server/services/multitenant/tenantstats.go:110.10,112.4 1 1
github.com/rudderlabs/rudder-server/services/multitenant/tenantstats.go:115.8,118.3 2 1
github.com/rudderlabs/rudder-server/services/multitenant/tenantstats.go:121.103,123.8 2 1
github.com/rudderlabs/rudder-server/services/multitenant/tenantstats.go:129.2,129.12 1 0
github.com/rudderlabs/rudder-server/services/multitenant/tenantstats.go:123.8,125.9 2 1
github.com/rudderlabs/rudder-server/services/multitenant/tenantstats.go:125.9,127.4 1 1
github.com/rudderlabs/rudder-server/services/multitenant/tenantstats.go:132.124,136.81 4 1
github.com/rudderlabs/rudder-server/services/multitenant/tenantstats.go:154.2,158.48 5 1
github.com/rudderlabs/rudder-server/services/multitenant/tenantstats.go:136.81,138.9 2 1
github.com/rudderlabs/rudder-server/services/multitenant/tenantstats.go:138.9,144.67 4 1
github.com/rudderlabs/rudder-server/services/multitenant/tenantstats.go:144.67,147.5 2 0
github.com/rudderlabs/rudder-server/services/multitenant/tenantstats.go:147.10,150.5 2 1
github.com/rudderlabs/rudder-server/services/multitenant/tenantstats.go:161.134,164.9 3 1
github.com/rudderlabs/rudder-server/services/multitenant/tenantstats.go:171.2,174.46 4 1
github.com/rudderlabs/rudder-server/services/multitenant/tenantstats.go:164.9,170.3 5 1
github.com/rudderlabs/rudder-server/services/multitenant/tenantstats.go:177.139,180.9 3 1
github.com/rudderlabs/rudder-server/services/multitenant/tenantstats.go:187.2,190.46 4 1
github.com/rudderlabs/rudder-server/services/multitenant/tenantstats.go:180.9,186.3 5 1
github.com/rudderlabs/rudder-server/services/multitenant/tenantstats.go:193.142,194.25 1 1
github.com/rudderlabs/rudder-server/services/multitenant/tenantstats.go:220.2,220.71 1 1
github.com/rudderlabs/rudder-server/services/multitenant/tenantstats.go:194.25,197.10 3 1
github.com/rudderlabs/rudder-server/services/multitenant/tenantstats.go:204.3,205.36 2 1
github.com/rudderlabs/rudder-server/services/multitenant/tenantstats.go:197.10,203.4 5 1
github.com/rudderlabs/rudder-server/services/multitenant/tenantstats.go:205.36,208.11 3 1
github.com/rudderlabs/rudder-server/services/multitenant/tenantstats.go:215.4,217.86 3 1
github.com/rudderlabs/rudder-server/services/multitenant/tenantstats.go:208.11,214.5 5 1
github.com/rudderlabs/rudder-server/services/multitenant/tenantstats.go:220.71,222.10 2 1
github.com/rudderlabs/rudder-server/services/multitenant/tenantstats.go:230.3,230.82 1 1
github.com/rudderlabs/rudder-server/services/multitenant/tenantstats.go:222.10,223.45 1 0
github.com/rudderlabs/rudder-server/services/multitenant/tenantstats.go:223.45,227.5 3 0
github.com/rudderlabs/rudder-server/services/multitenant/tenantstats.go:230.82,232.11 2 1
github.com/rudderlabs/rudder-server/services/multitenant/tenantstats.go:232.11,236.5 3 0
github.com/rudderlabs/rudder-server/services/multitenant/tenantstats.go:241.114,245.9 4 1
github.com/rudderlabs/rudder-server/services/multitenant/tenantstats.go:248.2,249.9 2 1
github.com/rudderlabs/rudder-server/services/multitenant/tenantstats.go:252.2,252.22 1 1
github.com/rudderlabs/rudder-server/services/multitenant/tenantstats.go:245.9,247.3 1 0
github.com/rudderlabs/rudder-server/services/multitenant/tenantstats.go:249.9,251.3 1 0
github.com/rudderlabs/rudder-server/services/multitenant/tenantstats.go:261.297,266.41 4 0
github.com/rudderlabs/rudder-server/services/multitenant/tenantstats.go:278.2,291.48 8 0
github.com/rudderlabs/rudder-server/services/multitenant/tenantstats.go:300.2,301.48 2 0
github.com/rudderlabs/rudder-server/services/multitenant/tenantstats.go:319.2,319.44 1 0
github.com/rudderlabs/rudder-server/services/multitenant/tenantstats.go:325.2,325.41 1 0
github.com/rudderlabs/rudder-server/services/multitenant/tenantstats.go:373.2,374.48 2 0
github.com/rudderlabs/rudder-server/services/multitenant/tenantstats.go:392.2,392.44 1 0
github.com/rudderlabs/rudder-server/services/multitenant/tenantstats.go:399.2,399.41 1 0
github.com/rudderlabs/rudder-server/services/multitenant/tenantstats.go:425.2,425.43 1 0
github.com/rudderlabs/rudder-server/services/multitenant/tenantstats.go:266.41,268.9 2 0
github.com/rudderlabs/rudder-server/services/multitenant/tenantstats.go:268.9,270.21 2 0
github.com/rudderlabs/rudder-server/services/multitenant/tenantstats.go:270.21,272.5 1 0
github.com/rudderlabs/rudder-server/services/multitenant/tenantstats.go:291.48,292.51 1 0
github.com/rudderlabs/rudder-server/services/multitenant/tenantstats.go:295.3,295.51 1 0
github.com/rudderlabs/rudder-server/services/multitenant/tenantstats.go:292.51,294.4 1 0
github.com/rudderlabs/rudder-server/services/multitenant/tenantstats.go:295.51,297.4 1 0
github.com/rudderlabs/rudder-server/services/multitenant/tenantstats.go:301.48,304.33 3 0
github.com/rudderlabs/rudder-server/services/multitenant/tenantstats.go:308.3,311.99 3 0
github.com/rudderlabs/rudder-server/services/multitenant/tenantstats.go:315.3,316.38 2 0
github.com/rudderlabs/rudder-server/services/multitenant/tenantstats.go:304.33,306.4 1 0
github.com/rudderlabs/rudder-server/services/multitenant/tenantstats.go:311.99,313.4 1 0
github.com/rudderlabs/rudder-server/services/multitenant/tenantstats.go:319.44,321.3 1 0
github.com/rudderlabs/rudder-server/services/multitenant/tenantstats.go:325.41,328.9 3 0
github.com/rudderlabs/rudder-server/services/multitenant/tenantstats.go:328.9,330.10 2 0
github.com/rudderlabs/rudder-server/services/multitenant/tenantstats.go:330.10,332.56 1 0
github.com/rudderlabs/rudder-server/services/multitenant/tenantstats.go:341.5,342.45 2 0
github.com/rudderlabs/rudder-server/services/multitenant/tenantstats.go:357.5,358.34 2 0
github.com/rudderlabs/rudder-server/services/multitenant/tenantstats.go:361.5,363.46 3 0
github.com/rudderlabs/rudder-server/services/multitenant/tenantstats.go:366.5,367.287 2 0
github.com/rudderlabs/rudder-server/services/multitenant/tenantstats.go:332.56,334.86 1 0
github.com/rudderlabs/rudder-server/services/multitenant/tenantstats.go:338.6,338.14 1 0
github.com/rudderlabs/rudder-server/services/multitenant/tenantstats.go:334.86,337.7 2 0
github.com/rudderlabs/rudder-server/services/multitenant/tenantstats.go:342.45,344.26 2 0
github.com/rudderlabs/rudder-server/services/multitenant/tenantstats.go:349.6,350.117 2 0
github.com/rudderlabs/rudder-server/services/multitenant/tenantstats.go:344.26,348.7 3 0
github.com/rudderlabs/rudder-server/services/multitenant/tenantstats.go:350.117,352.7 1 0
github.com/rudderlabs/rudder-server/services/multitenant/tenantstats.go:353.11,355.6 1 0
github.com/rudderlabs/rudder-server/services/multitenant/tenantstats.go:358.34,360.6 1 0
github.com/rudderlabs/rudder-server/services/multitenant/tenantstats.go:363.46,365.6 1 0
github.com/rudderlabs/rudder-server/services/multitenant/tenantstats.go:374.48,379.78 4 0
github.com/rudderlabs/rudder-server/services/multitenant/tenantstats.go:384.3,384.65 1 0
github.com/rudderlabs/rudder-server/services/multitenant/tenantstats.go:389.3,389.101 1 0
github.com/rudderlabs/rudder-server/services/multitenant/tenantstats.go:379.78,382.12 3 0
github.com/rudderlabs/rudder-server/services/multitenant/tenantstats.go:384.65,386.4 1 0
github.com/rudderlabs/rudder-server/services/multitenant/tenantstats.go:386.9,388.4 1 0
github.com/rudderlabs/rudder-server/services/multitenant/tenantstats.go:392.44,393.79 1 0
github.com/rudderlabs/rudder-server/services/multitenant/tenantstats.go:396.3,396.43 1 0
github.com/rudderlabs/rudder-server/services/multitenant/tenantstats.go:393.79,395.4 1 0
github.com/rudderlabs/rudder-server/services/multitenant/tenantstats.go:399.41,402.45 3 0
github.com/rudderlabs/rudder-server/services/multitenant/tenantstats.go:406.3,406.54 1 0
github.com/rudderlabs/rudder-server/services/multitenant/tenantstats.go:410.3,411.43 2 0
github.com/rudderlabs/rudder-server/services/multitenant/tenantstats.go:417.3,422.329 5 0
github.com/rudderlabs/rudder-server/services/multitenant/tenantstats.go:402.45,403.12 1 0
github.com/rudderlabs/rudder-server/services/multitenant/tenantstats.go:406.54,407.9 1 0
github.com/rudderlabs/rudder-server/services/multitenant/tenantstats.go:411.43,413.4 1 0
github.com/rudderlabs/rudder-server/services/multitenant/tenantstats.go:413.9,416.4 2 0
