mode: set
github.com/rudderlabs/rudder-server/processor/processor.go:41.71,43.2 1 0
github.com/rudderlabs/rudder-server/processor/processor.go:139.151,141.84 2 1
github.com/rudderlabs/rudder-server/processor/processor.go:144.2,144.80 1 1
github.com/rudderlabs/rudder-server/processor/processor.go:148.2,155.3 1 1
github.com/rudderlabs/rudder-server/processor/processor.go:141.84,143.3 1 1
github.com/rudderlabs/rudder-server/processor/processor.go:144.80,146.3 1 0
github.com/rudderlabs/rudder-server/processor/processor.go:158.129,175.2 8 1
github.com/rudderlabs/rudder-server/processor/processor.go:177.149,193.2 7 1
github.com/rudderlabs/rudder-server/processor/processor.go:196.30,197.33 1 0
github.com/rudderlabs/rudder-server/processor/processor.go:197.33,199.3 1 0
github.com/rudderlabs/rudder-server/processor/processor.go:202.13,205.2 2 1
github.com/rudderlabs/rudder-server/processor/processor.go:208.30,212.2 1 0
github.com/rudderlabs/rudder-server/processor/processor.go:214.43,218.66 4 0
github.com/rudderlabs/rudder-server/processor/processor.go:221.2,221.66 1 0
github.com/rudderlabs/rudder-server/processor/processor.go:225.2,225.17 1 0
github.com/rudderlabs/rudder-server/processor/processor.go:229.2,229.18 1 0
github.com/rudderlabs/rudder-server/processor/processor.go:218.66,220.3 1 0
github.com/rudderlabs/rudder-server/processor/processor.go:221.66,223.3 1 0
github.com/rudderlabs/rudder-server/processor/processor.go:225.17,227.3 1 0
github.com/rudderlabs/rudder-server/processor/processor.go:233.215,280.31 40 1
github.com/rudderlabs/rudder-server/processor/processor.go:283.2,283.17 1 1
github.com/rudderlabs/rudder-server/processor/processor.go:286.2,286.21 1 1
github.com/rudderlabs/rudder-server/processor/processor.go:290.2,290.21 1 1
github.com/rudderlabs/rudder-server/processor/processor.go:294.2,296.21 2 1
github.com/rudderlabs/rudder-server/processor/processor.go:280.31,282.3 1 0
github.com/rudderlabs/rudder-server/processor/processor.go:283.17,285.3 1 0
github.com/rudderlabs/rudder-server/processor/processor.go:286.21,288.3 1 1
github.com/rudderlabs/rudder-server/processor/processor.go:290.21,292.3 1 1
github.com/rudderlabs/rudder-server/processor/processor.go:300.30,301.21 1 0
github.com/rudderlabs/rudder-server/processor/processor.go:306.2,306.21 1 0
github.com/rudderlabs/rudder-server/processor/processor.go:301.21,305.3 2 0
github.com/rudderlabs/rudder-server/processor/processor.go:306.21,310.3 3 0
github.com/rudderlabs/rudder-server/processor/processor.go:341.19,365.2 18 1
github.com/rudderlabs/rudder-server/processor/processor.go:367.50,368.6 1 1
github.com/rudderlabs/rudder-server/processor/processor.go:368.6,369.33 1 1
github.com/rudderlabs/rudder-server/processor/processor.go:402.3,402.53 1 1
github.com/rudderlabs/rudder-server/processor/processor.go:405.3,405.27 1 1
github.com/rudderlabs/rudder-server/processor/processor.go:369.33,372.18 3 1
github.com/rudderlabs/rudder-server/processor/processor.go:377.4,381.18 4 1
github.com/rudderlabs/rudder-server/processor/processor.go:386.4,386.29 1 0
github.com/rudderlabs/rudder-server/processor/processor.go:372.18,375.13 3 0
github.com/rudderlabs/rudder-server/processor/processor.go:381.18,384.13 3 1
github.com/rudderlabs/rudder-server/processor/processor.go:386.29,388.19 2 0
github.com/rudderlabs/rudder-server/processor/processor.go:388.19,391.11 3 0
github.com/rudderlabs/rudder-server/processor/processor.go:392.11,395.14 3 0
github.com/rudderlabs/rudder-server/processor/processor.go:397.10,397.36 1 0
github.com/rudderlabs/rudder-server/processor/processor.go:397.36,399.10 2 0
github.com/rudderlabs/rudder-server/processor/processor.go:402.53,404.4 1 0
github.com/rudderlabs/rudder-server/processor/processor.go:410.42,414.2 3 1
github.com/rudderlabs/rudder-server/processor/processor.go:416.48,418.2 1 1
github.com/rudderlabs/rudder-server/processor/processor.go:420.53,422.2 1 1
github.com/rudderlabs/rudder-server/processor/processor.go:424.31,426.2 1 1
github.com/rudderlabs/rudder-server/processor/processor.go:428.48,431.6 3 1
github.com/rudderlabs/rudder-server/processor/processor.go:431.6,439.42 8 1
github.com/rudderlabs/rudder-server/processor/processor.go:449.3,449.32 1 1
github.com/rudderlabs/rudder-server/processor/processor.go:439.42,441.22 2 1
github.com/rudderlabs/rudder-server/processor/processor.go:441.22,443.53 2 1
github.com/rudderlabs/rudder-server/processor/processor.go:443.53,446.6 2 1
github.com/rudderlabs/rudder-server/processor/processor.go:458.102,462.52 3 0
github.com/rudderlabs/rudder-server/processor/processor.go:465.2,465.38 1 0
github.com/rudderlabs/rudder-server/processor/processor.go:479.2,479.37 1 0
github.com/rudderlabs/rudder-server/processor/processor.go:462.52,463.122 1 0
github.com/rudderlabs/rudder-server/processor/processor.go:465.38,468.42 2 0
github.com/rudderlabs/rudder-server/processor/processor.go:468.42,472.16 2 0
github.com/rudderlabs/rudder-server/processor/processor.go:472.16,474.5 1 0
github.com/rudderlabs/rudder-server/processor/processor.go:474.10,476.5 1 0
github.com/rudderlabs/rudder-server/processor/processor.go:482.74,487.9 5 1
github.com/rudderlabs/rudder-server/processor/processor.go:491.2,491.20 1 1
github.com/rudderlabs/rudder-server/processor/processor.go:487.9,490.3 2 0
github.com/rudderlabs/rudder-server/processor/processor.go:494.99,498.56 4 1
github.com/rudderlabs/rudder-server/processor/processor.go:503.2,503.21 1 1
github.com/rudderlabs/rudder-server/processor/processor.go:498.56,499.73 1 1
github.com/rudderlabs/rudder-server/processor/processor.go:499.73,501.4 1 1
github.com/rudderlabs/rudder-server/processor/processor.go:506.105,510.63 4 1
github.com/rudderlabs/rudder-server/processor/processor.go:515.2,515.32 1 1
github.com/rudderlabs/rudder-server/processor/processor.go:510.63,511.26 1 1
github.com/rudderlabs/rudder-server/processor/processor.go:511.26,513.4 1 1
github.com/rudderlabs/rudder-server/processor/processor.go:518.80,521.64 3 1
github.com/rudderlabs/rudder-server/processor/processor.go:524.2,524.18 1 1
github.com/rudderlabs/rudder-server/processor/processor.go:521.64,523.3 1 1
github.com/rudderlabs/rudder-server/processor/processor.go:527.127,535.78 5 1
github.com/rudderlabs/rudder-server/processor/processor.go:542.2,545.66 4 1
github.com/rudderlabs/rudder-server/processor/processor.go:535.78,539.3 1 1
github.com/rudderlabs/rudder-server/processor/processor.go:548.178,552.16 3 1
github.com/rudderlabs/rudder-server/processor/processor.go:556.2,572.24 16 1
github.com/rudderlabs/rudder-server/processor/processor.go:552.16,554.102 1 0
github.com/rudderlabs/rudder-server/processor/processor.go:576.143,596.27 19 1
github.com/rudderlabs/rudder-server/processor/processor.go:599.2,599.27 1 1
github.com/rudderlabs/rudder-server/processor/processor.go:596.27,598.3 1 0
github.com/rudderlabs/rudder-server/processor/processor.go:602.66,604.2 1 1
github.com/rudderlabs/rudder-server/processor/processor.go:606.78,609.2 2 1
github.com/rudderlabs/rudder-server/processor/processor.go:611.72,612.41 1 1
github.com/rudderlabs/rudder-server/processor/processor.go:612.41,613.52 1 1
github.com/rudderlabs/rudder-server/processor/processor.go:616.3,616.28 1 0
github.com/rudderlabs/rudder-server/processor/processor.go:613.52,614.12 1 1
github.com/rudderlabs/rudder-server/processor/processor.go:616.28,619.18 3 0
github.com/rudderlabs/rudder-server/processor/processor.go:623.4,638.74 7 0
github.com/rudderlabs/rudder-server/processor/processor.go:619.18,620.15 1 0
github.com/rudderlabs/rudder-server/processor/processor.go:644.263,651.55 7 1
github.com/rudderlabs/rudder-server/processor/processor.go:676.2,676.52 1 1
github.com/rudderlabs/rudder-server/processor/processor.go:690.2,690.84 1 1
github.com/rudderlabs/rudder-server/processor/processor.go:651.55,673.3 15 1
github.com/rudderlabs/rudder-server/processor/processor.go:676.52,679.43 2 0
github.com/rudderlabs/rudder-server/processor/processor.go:679.43,686.4 2 0
github.com/rudderlabs/rudder-server/processor/processor.go:693.297,694.52 1 1
github.com/rudderlabs/rudder-server/processor/processor.go:694.52,696.39 2 0
github.com/rudderlabs/rudder-server/processor/processor.go:699.3,700.30 2 0
github.com/rudderlabs/rudder-server/processor/processor.go:706.3,708.10 3 0
github.com/rudderlabs/rudder-server/processor/processor.go:712.3,713.10 2 0
github.com/rudderlabs/rudder-server/processor/processor.go:717.3,717.13 1 0
github.com/rudderlabs/rudder-server/processor/processor.go:696.39,698.4 1 0
github.com/rudderlabs/rudder-server/processor/processor.go:700.30,701.48 1 0
github.com/rudderlabs/rudder-server/processor/processor.go:701.48,703.5 1 0
github.com/rudderlabs/rudder-server/processor/processor.go:708.10,711.4 2 0
github.com/rudderlabs/rudder-server/processor/processor.go:713.10,716.4 2 0
github.com/rudderlabs/rudder-server/processor/processor.go:722.279,728.52 6 1
github.com/rudderlabs/rudder-server/processor/processor.go:790.2,790.52 1 1
github.com/rudderlabs/rudder-server/processor/processor.go:816.2,816.59 1 1
github.com/rudderlabs/rudder-server/processor/processor.go:728.52,730.47 2 1
github.com/rudderlabs/rudder-server/processor/processor.go:738.3,739.17 2 1
github.com/rudderlabs/rudder-server/processor/processor.go:745.3,746.17 2 1
github.com/rudderlabs/rudder-server/processor/processor.go:751.3,764.17 5 1
github.com/rudderlabs/rudder-server/processor/processor.go:769.3,786.28 4 1
github.com/rudderlabs/rudder-server/processor/processor.go:730.47,732.37 2 1
github.com/rudderlabs/rudder-server/processor/processor.go:732.37,734.5 1 1
github.com/rudderlabs/rudder-server/processor/processor.go:735.9,737.4 1 1
github.com/rudderlabs/rudder-server/processor/processor.go:739.17,741.12 2 0
github.com/rudderlabs/rudder-server/processor/processor.go:746.17,749.4 2 0
github.com/rudderlabs/rudder-server/processor/processor.go:764.17,767.4 2 0
github.com/rudderlabs/rudder-server/processor/processor.go:790.52,794.48 3 0
github.com/rudderlabs/rudder-server/processor/processor.go:805.3,805.43 1 0
github.com/rudderlabs/rudder-server/processor/processor.go:794.48,795.29 1 0
github.com/rudderlabs/rudder-server/processor/processor.go:800.4,800.31 1 0
github.com/rudderlabs/rudder-server/processor/processor.go:795.29,797.5 1 0
github.com/rudderlabs/rudder-server/processor/processor.go:797.10,799.5 1 0
github.com/rudderlabs/rudder-server/processor/processor.go:801.9,801.55 1 0
github.com/rudderlabs/rudder-server/processor/processor.go:801.55,804.4 2 0
github.com/rudderlabs/rudder-server/processor/processor.go:805.43,812.4 2 0
github.com/rudderlabs/rudder-server/processor/processor.go:819.98,821.15 1 1
github.com/rudderlabs/rudder-server/processor/processor.go:826.2,828.34 3 1
github.com/rudderlabs/rudder-server/processor/processor.go:821.15,822.31 1 1
github.com/rudderlabs/rudder-server/processor/processor.go:822.31,824.4 1 0
github.com/rudderlabs/rudder-server/processor/processor.go:828.34,836.28 5 0
github.com/rudderlabs/rudder-server/processor/processor.go:836.28,837.28 1 0
github.com/rudderlabs/rudder-server/processor/processor.go:846.4,852.34 3 0
github.com/rudderlabs/rudder-server/processor/processor.go:837.28,839.5 1 0
github.com/rudderlabs/rudder-server/processor/processor.go:839.10,840.38 1 0
github.com/rudderlabs/rudder-server/processor/processor.go:840.38,842.6 1 0
github.com/rudderlabs/rudder-server/processor/processor.go:842.11,844.6 1 0
github.com/rudderlabs/rudder-server/processor/processor.go:857.172,861.39 2 0
github.com/rudderlabs/rudder-server/processor/processor.go:876.2,876.20 1 0
github.com/rudderlabs/rudder-server/processor/processor.go:861.39,865.16 4 0
github.com/rudderlabs/rudder-server/processor/processor.go:865.16,873.4 3 0
github.com/rudderlabs/rudder-server/processor/processor.go:880.107,893.71 9 1
github.com/rudderlabs/rudder-server/processor/processor.go:904.2,919.39 12 1
github.com/rudderlabs/rudder-server/processor/processor.go:1062.2,1062.52 1 1
github.com/rudderlabs/rudder-server/processor/processor.go:1075.2,1086.54 7 1
github.com/rudderlabs/rudder-server/processor/processor.go:1320.2,1321.37 2 1
github.com/rudderlabs/rudder-server/processor/processor.go:1325.2,1328.23 3 1
github.com/rudderlabs/rudder-server/processor/processor.go:1338.2,1338.28 1 1
github.com/rudderlabs/rudder-server/processor/processor.go:1349.2,1350.45 2 1
github.com/rudderlabs/rudder-server/processor/processor.go:1353.2,1353.28 1 1
github.com/rudderlabs/rudder-server/processor/processor.go:1364.2,1367.16 4 1
github.com/rudderlabs/rudder-server/processor/processor.go:1371.2,1371.52 1 1
github.com/rudderlabs/rudder-server/processor/processor.go:1375.2,1375.17 1 1
github.com/rudderlabs/rudder-server/processor/processor.go:1385.2,1401.24 12 1
github.com/rudderlabs/rudder-server/processor/processor.go:893.71,894.129 1 0
github.com/rudderlabs/rudder-server/processor/processor.go:919.39,923.29 3 1
github.com/rudderlabs/rudder-server/processor/processor.go:929.3,933.9 4 1
github.com/rudderlabs/rudder-server/processor/processor.go:1049.3,1058.46 2 1
github.com/rudderlabs/rudder-server/processor/processor.go:923.29,925.4 1 1
github.com/rudderlabs/rudder-server/processor/processor.go:925.9,928.4 2 0
github.com/rudderlabs/rudder-server/processor/processor.go:933.9,935.19 2 1
github.com/rudderlabs/rudder-server/processor/processor.go:944.4,944.58 1 1
github.com/rudderlabs/rudder-server/processor/processor.go:935.19,937.50 2 0
github.com/rudderlabs/rudder-server/processor/processor.go:940.5,940.96 1 0
github.com/rudderlabs/rudder-server/processor/processor.go:937.50,939.6 1 0
github.com/rudderlabs/rudder-server/processor/processor.go:944.58,946.67 2 1
github.com/rudderlabs/rudder-server/processor/processor.go:952.5,966.29 10 1
github.com/rudderlabs/rudder-server/processor/processor.go:972.5,972.35 1 1
github.com/rudderlabs/rudder-server/processor/processor.go:977.5,979.47 3 1
github.com/rudderlabs/rudder-server/processor/processor.go:1021.5,1021.55 1 1
github.com/rudderlabs/rudder-server/processor/processor.go:946.67,949.14 3 0
github.com/rudderlabs/rudder-server/processor/processor.go:966.29,968.14 2 0
github.com/rudderlabs/rudder-server/processor/processor.go:972.35,974.14 2 1
github.com/rudderlabs/rudder-server/processor/processor.go:979.47,984.58 3 1
github.com/rudderlabs/rudder-server/processor/processor.go:984.58,995.60 5 1
github.com/rudderlabs/rudder-server/processor/processor.go:999.7,1008.14 7 1
github.com/rudderlabs/rudder-server/processor/processor.go:1011.7,1013.68 2 1
github.com/rudderlabs/rudder-server/processor/processor.go:1016.7,1016.106 1 1
github.com/rudderlabs/rudder-server/processor/processor.go:995.60,997.8 1 0
github.com/rudderlabs/rudder-server/processor/processor.go:1008.14,1010.8 1 1
github.com/rudderlabs/rudder-server/processor/processor.go:1013.68,1015.8 1 1
github.com/rudderlabs/rudder-server/processor/processor.go:1021.55,1024.39 2 0
github.com/rudderlabs/rudder-server/processor/processor.go:1027.6,1028.47 2 0
github.com/rudderlabs/rudder-server/processor/processor.go:1032.6,1033.13 2 0
github.com/rudderlabs/rudder-server/processor/processor.go:1037.6,1038.13 2 0
github.com/rudderlabs/rudder-server/processor/processor.go:1042.6,1042.16 1 0
github.com/rudderlabs/rudder-server/processor/processor.go:1024.39,1026.7 1 0
github.com/rudderlabs/rudder-server/processor/processor.go:1028.47,1030.7 1 0
github.com/rudderlabs/rudder-server/processor/processor.go:1033.13,1036.7 2 0
github.com/rudderlabs/rudder-server/processor/processor.go:1038.13,1041.7 2 0
github.com/rudderlabs/rudder-server/processor/processor.go:1062.52,1064.43 2 0
github.com/rudderlabs/rudder-server/processor/processor.go:1064.43,1071.4 2 0
github.com/rudderlabs/rudder-server/processor/processor.go:1086.54,1107.53 9 1
github.com/rudderlabs/rudder-server/processor/processor.go:1124.3,1128.28 4 1
github.com/rudderlabs/rudder-server/processor/processor.go:1173.3,1173.34 1 1
github.com/rudderlabs/rudder-server/processor/processor.go:1177.3,1181.88 4 1
github.com/rudderlabs/rudder-server/processor/processor.go:1185.3,1186.31 2 1
github.com/rudderlabs/rudder-server/processor/processor.go:1189.3,1195.94 3 1
github.com/rudderlabs/rudder-server/processor/processor.go:1204.3,1216.50 10 1
github.com/rudderlabs/rudder-server/processor/processor.go:1219.3,1226.52 6 1
github.com/rudderlabs/rudder-server/processor/processor.go:1295.3,1295.53 1 1
github.com/rudderlabs/rudder-server/processor/processor.go:1107.53,1111.36 3 0
github.com/rudderlabs/rudder-server/processor/processor.go:1111.36,1113.38 2 0
github.com/rudderlabs/rudder-server/processor/processor.go:1116.5,1116.46 1 0
github.com/rudderlabs/rudder-server/processor/processor.go:1119.5,1119.42 1 0
github.com/rudderlabs/rudder-server/processor/processor.go:1113.38,1115.6 1 0
github.com/rudderlabs/rudder-server/processor/processor.go:1116.46,1118.6 1 0
github.com/rudderlabs/rudder-server/processor/processor.go:1128.28,1146.51 16 1
github.com/rudderlabs/rudder-server/processor/processor.go:1149.4,1157.54 6 1
github.com/rudderlabs/rudder-server/processor/processor.go:1146.51,1148.5 1 1
github.com/rudderlabs/rudder-server/processor/processor.go:1157.54,1166.5 6 0
github.com/rudderlabs/rudder-server/processor/processor.go:1168.9,1171.4 2 1
github.com/rudderlabs/rudder-server/processor/processor.go:1173.34,1174.12 1 1
github.com/rudderlabs/rudder-server/processor/processor.go:1181.88,1183.4 1 0
github.com/rudderlabs/rudder-server/processor/processor.go:1186.31,1188.4 1 0
github.com/rudderlabs/rudder-server/processor/processor.go:1195.94,1197.4 1 0
github.com/rudderlabs/rudder-server/processor/processor.go:1197.9,1202.4 4 1
github.com/rudderlabs/rudder-server/processor/processor.go:1216.50,1218.4 1 1
github.com/rudderlabs/rudder-server/processor/processor.go:1226.52,1233.18 3 1
github.com/rudderlabs/rudder-server/processor/processor.go:1238.4,1255.22 13 1
github.com/rudderlabs/rudder-server/processor/processor.go:1259.4,1273.18 3 1
github.com/rudderlabs/rudder-server/processor/processor.go:1278.4,1287.60 2 1
github.com/rudderlabs/rudder-server/processor/processor.go:1233.18,1234.13 1 0
github.com/rudderlabs/rudder-server/processor/processor.go:1255.22,1257.5 1 1
github.com/rudderlabs/rudder-server/processor/processor.go:1273.18,1275.15 2 0
github.com/rudderlabs/rudder-server/processor/processor.go:1287.60,1289.5 1 1
github.com/rudderlabs/rudder-server/processor/processor.go:1289.10,1291.5 1 1
github.com/rudderlabs/rudder-server/processor/processor.go:1295.53,1299.29 3 0
github.com/rudderlabs/rudder-server/processor/processor.go:1302.4,1302.44 1 0
github.com/rudderlabs/rudder-server/processor/processor.go:1311.4,1315.57 4 0
github.com/rudderlabs/rudder-server/processor/processor.go:1299.29,1301.5 1 0
github.com/rudderlabs/rudder-server/processor/processor.go:1302.44,1309.5 2 0
github.com/rudderlabs/rudder-server/processor/processor.go:1321.37,1322.92 1 0
github.com/rudderlabs/rudder-server/processor/processor.go:1328.23,1331.17 3 1
github.com/rudderlabs/rudder-server/processor/processor.go:1336.3,1336.52 1 1
github.com/rudderlabs/rudder-server/processor/processor.go:1331.17,1334.14 3 0
github.com/rudderlabs/rudder-server/processor/processor.go:1338.28,1341.17 3 1
github.com/rudderlabs/rudder-server/processor/processor.go:1346.3,1346.62 1 1
github.com/rudderlabs/rudder-server/processor/processor.go:1341.17,1344.14 3 0
github.com/rudderlabs/rudder-server/processor/processor.go:1350.45,1352.3 1 1
github.com/rudderlabs/rudder-server/processor/processor.go:1353.28,1356.17 3 1
github.com/rudderlabs/rudder-server/processor/processor.go:1361.3,1361.51 1 1
github.com/rudderlabs/rudder-server/processor/processor.go:1356.17,1359.14 3 0
github.com/rudderlabs/rudder-server/processor/processor.go:1367.16,1369.13 2 0
github.com/rudderlabs/rudder-server/processor/processor.go:1371.52,1373.3 1 0
github.com/rudderlabs/rudder-server/processor/processor.go:1375.17,1377.32 2 0
github.com/rudderlabs/rudder-server/processor/processor.go:1377.32,1379.36 2 0
github.com/rudderlabs/rudder-server/processor/processor.go:1382.4,1382.64 1 0
github.com/rudderlabs/rudder-server/processor/processor.go:1379.36,1381.5 1 0
github.com/rudderlabs/rudder-server/processor/processor.go:1404.97,1406.31 2 0
github.com/rudderlabs/rudder-server/processor/processor.go:1411.2,1411.49 1 0
github.com/rudderlabs/rudder-server/processor/processor.go:1406.31,1409.3 2 0
github.com/rudderlabs/rudder-server/processor/processor.go:1414.115,1415.32 1 1
github.com/rudderlabs/rudder-server/processor/processor.go:1422.2,1422.29 1 1
github.com/rudderlabs/rudder-server/processor/processor.go:1415.32,1418.31 3 1
github.com/rudderlabs/rudder-server/processor/processor.go:1418.31,1420.4 1 0
github.com/rudderlabs/rudder-server/processor/processor.go:1425.100,1428.39 3 1
github.com/rudderlabs/rudder-server/processor/processor.go:1432.2,1432.52 1 0
github.com/rudderlabs/rudder-server/processor/processor.go:1428.39,1431.3 2 1
github.com/rudderlabs/rudder-server/processor/processor.go:1432.52,1436.3 2 0
github.com/rudderlabs/rudder-server/processor/processor.go:1441.54,1457.92 10 1
github.com/rudderlabs/rudder-server/processor/processor.go:1466.2,1469.46 2 1
github.com/rudderlabs/rudder-server/processor/processor.go:1474.2,1475.61 2 1
github.com/rudderlabs/rudder-server/processor/processor.go:1481.2,1492.47 8 1
github.com/rudderlabs/rudder-server/processor/processor.go:1496.2,1502.13 4 1
github.com/rudderlabs/rudder-server/processor/processor.go:1457.93,1459.3 0 0
github.com/rudderlabs/rudder-server/processor/processor.go:1459.8,1464.3 4 1
github.com/rudderlabs/rudder-server/processor/processor.go:1469.46,1473.3 3 1
github.com/rudderlabs/rudder-server/processor/processor.go:1475.61,1476.50 1 0
github.com/rudderlabs/rudder-server/processor/processor.go:1476.50,1479.4 2 0
github.com/rudderlabs/rudder-server/processor/processor.go:1492.47,1494.3 1 1
github.com/rudderlabs/rudder-server/processor/processor.go:1505.33,1507.27 1 1
github.com/rudderlabs/rudder-server/processor/processor.go:1511.2,1514.6 4 1
github.com/rudderlabs/rudder-server/processor/processor.go:1507.27,1509.3 1 0
github.com/rudderlabs/rudder-server/processor/processor.go:1514.6,1515.10 1 1
github.com/rudderlabs/rudder-server/processor/processor.go:1516.37,1520.24 4 1
github.com/rudderlabs/rudder-server/processor/processor.go:1521.18,1524.18 3 1
github.com/rudderlabs/rudder-server/processor/processor.go:1524.18,1525.40 1 1
github.com/rudderlabs/rudder-server/processor/processor.go:1534.5,1534.31 1 1
github.com/rudderlabs/rudder-server/processor/processor.go:1525.40,1527.6 1 0
github.com/rudderlabs/rudder-server/processor/processor.go:1527.11,1529.38 2 1
github.com/rudderlabs/rudder-server/processor/processor.go:1532.6,1532.31 1 1
github.com/rudderlabs/rudder-server/processor/processor.go:1529.38,1531.7 1 0
github.com/rudderlabs/rudder-server/processor/processor.go:1535.10,1537.5 1 1
github.com/rudderlabs/rudder-server/processor/processor.go:1542.37,1544.2 1 1
github.com/rudderlabs/rudder-server/processor/processor.go:1546.83,1547.44 1 0
github.com/rudderlabs/rudder-server/processor/processor.go:1547.44,1553.3 3 0
github.com/rudderlabs/rudder-server/processor/processor.go:1558.30,1562.17 3 1
github.com/rudderlabs/rudder-server/processor/processor.go:1566.2,1568.15 3 1
github.com/rudderlabs/rudder-server/processor/processor.go:1562.17,1564.3 1 1
github.com/rudderlabs/rudder-server/processor/processor.go:1571.31,1575.18 3 1
github.com/rudderlabs/rudder-server/processor/processor.go:1579.2,1579.28 1 1
github.com/rudderlabs/rudder-server/processor/processor.go:1575.18,1577.3 1 1
github.com/rudderlabs/rudder-server/processor/priorityqueue.go:21.25,21.43 1 0
github.com/rudderlabs/rudder-server/processor/priorityqueue.go:23.35,25.2 1 0
github.com/rudderlabs/rudder-server/processor/priorityqueue.go:27.30,31.2 3 0
github.com/rudderlabs/rudder-server/processor/priorityqueue.go:33.36,38.2 4 0
github.com/rudderlabs/rudder-server/processor/priorityqueue.go:40.34,47.2 6 0
github.com/rudderlabs/rudder-server/processor/priorityqueue.go:49.31,52.2 2 0
github.com/rudderlabs/rudder-server/processor/priorityqueue.go:54.38,56.2 1 0
github.com/rudderlabs/rudder-server/processor/priorityqueue.go:58.55,61.2 2 0
github.com/rudderlabs/rudder-server/processor/priorityqueue.go:63.35,65.2 1 0
github.com/rudderlabs/rudder-server/processor/priorityqueue.go:67.24,68.24 1 0
github.com/rudderlabs/rudder-server/processor/priorityqueue.go:68.24,70.3 1 0
github.com/rudderlabs/rudder-server/processor/priorityqueue.go:82.40,84.2 1 1
github.com/rudderlabs/rudder-server/processor/priorityqueue.go:86.50,88.2 1 0
github.com/rudderlabs/rudder-server/processor/priorityqueue.go:90.45,94.2 3 0
github.com/rudderlabs/rudder-server/processor/priorityqueue.go:96.51,101.2 4 1
github.com/rudderlabs/rudder-server/processor/priorityqueue.go:103.49,110.2 6 0
github.com/rudderlabs/rudder-server/processor/priorityqueue.go:112.56,115.2 2 0
github.com/rudderlabs/rudder-server/processor/priorityqueue.go:117.63,119.2 1 0
github.com/rudderlabs/rudder-server/processor/priorityqueue.go:121.92,126.2 4 0
github.com/rudderlabs/rudder-server/processor/priorityqueue.go:128.60,130.2 1 1
github.com/rudderlabs/rudder-server/processor/priorityqueue.go:132.43,134.2 1 0
github.com/rudderlabs/rudder-server/processor/priorityqueue.go:136.39,137.24 1 0
github.com/rudderlabs/rudder-server/processor/priorityqueue.go:137.24,139.3 1 0
github.com/rudderlabs/rudder-server/processor/processor-manager.go:18.48,24.2 4 0
github.com/rudderlabs/rudder-server/processor/processor-manager.go:26.55,27.29 1 0
github.com/rudderlabs/rudder-server/processor/processor-manager.go:31.2,31.30 1 0
github.com/rudderlabs/rudder-server/processor/processor-manager.go:27.29,29.3 1 0
github.com/rudderlabs/rudder-server/processor/processor-manager.go:34.38,36.2 1 0
github.com/rudderlabs/rudder-server/processor/processor-manager.go:38.39,40.2 1 0
