mode: atomic
github.com/rudderlabs/rudder-server/services/streammanager/kinesis/kinesismanager.go:27.13,32.2 1 1
github.com/rudderlabs/rudder-server/services/streammanager/kinesis/kinesismanager.go:35.74,42.56 5 0
github.com/rudderlabs/rudder-server/services/streammanager/kinesis/kinesismanager.go:51.2,52.17 2 0
github.com/rudderlabs/rudder-server/services/streammanager/kinesis/kinesismanager.go:42.56,46.3 1 0
github.com/rudderlabs/rudder-server/services/streammanager/kinesis/kinesismanager.go:46.8,50.3 1 0
github.com/rudderlabs/rudder-server/services/streammanager/kinesis/kinesismanager.go:56.108,61.9 3 0
github.com/rudderlabs/rudder-server/services/streammanager/kinesis/kinesismanager.go:65.2,75.65 8 0
github.com/rudderlabs/rudder-server/services/streammanager/kinesis/kinesismanager.go:79.2,81.25 2 0
github.com/rudderlabs/rudder-server/services/streammanager/kinesis/kinesismanager.go:86.2,91.16 2 0
github.com/rudderlabs/rudder-server/services/streammanager/kinesis/kinesismanager.go:97.2,98.32 2 0
github.com/rudderlabs/rudder-server/services/streammanager/kinesis/kinesismanager.go:61.9,63.3 1 0
github.com/rudderlabs/rudder-server/services/streammanager/kinesis/kinesismanager.go:75.65,77.3 1 0
github.com/rudderlabs/rudder-server/services/streammanager/kinesis/kinesismanager.go:81.25,84.3 2 0
github.com/rudderlabs/rudder-server/services/streammanager/kinesis/kinesismanager.go:91.16,96.3 3 0
github.com/rudderlabs/rudder-server/services/streammanager/kinesis/kinesismanager.go:102.44,107.36 3 0
github.com/rudderlabs/rudder-server/services/streammanager/kinesis/kinesismanager.go:114.2,114.19 1 0
github.com/rudderlabs/rudder-server/services/streammanager/kinesis/kinesismanager.go:107.36,108.39 1 0
github.com/rudderlabs/rudder-server/services/streammanager/kinesis/kinesismanager.go:108.39,110.9 2 0
